16:11:38.074 INFO [GridLauncherV3.parse] - Selenium server version: 3.141.59, revision: e82be7d358
16:11:38.158 INFO [GridLauncherV3.lambda$buildLaunchers$3] - Launching a standalone Selenium Server on port 4444
2019-10-25 16:11:38.202:INFO::main: Logging initialized @426ms to org.seleniumhq.jetty9.util.log.StdErrLog
16:11:38.414 INFO [WebDriverServlet.<init>] - Initialising WebDriverServlet
16:11:38.714 INFO [SeleniumServer.boot] - Selenium Server is up and running on port 4444
16:11:39.060 INFO [ActiveSessionFactory.apply] - Capabilities are: {
  "acceptSslCerts": true,
  "browserName": "chrome",
  "chromeOptions": {
    "w3c": false
  },
  "name": "Ksl Tests"
}
16:11:39.060 INFO [ActiveSessionFactory.lambda$apply$11] - Matched factory org.openqa.selenium.grid.session.remote.ServicedSession$Factory (provider: org.openqa.selenium.chrome.ChromeDriverService)
Starting ChromeDriver 77.0.3865.40 (f484704e052e0b556f8030b65b953dce96503217-refs/branch-heads/3865@{#442}) on port 37305
Only local connections are allowed.
Please protect ports used by ChromeDriver and related test frameworks to prevent access by malicious code.
16:11:41.879 INFO [ProtocolHandshake.createSession] - Detected dialect: OSS
16:11:42.176 INFO [RemoteSession$Factory.lambda$performHandshake$0] - Started new session e6014ec23981cfda71b13a3940a90566 (org.openqa.selenium.chrome.ChromeDriverService)
16:12:58.348 INFO [ActiveSessions$1.onStop] - Removing session e6014ec23981cfda71b13a3940a90566 (org.openqa.selenium.chrome.ChromeDriverService)
